<?xml version="1.0"?>
<!--Phoronix Test Suite v9.4.0m1-->
<PhoronixTestSuite>
  <TestInformation>
    <Title>librsvg</Title>
    <Description>RSVG/librsvg is an SVG vector graphics library. This test profile times how long it takes to complete various operations by rsvg-convert.</Description>
    <ResultScale>Seconds</ResultScale>
    <Proportion>LIB</Proportion>
    <TimesToRun>3</TimesToRun>
  </TestInformation>
  <TestProfile>
    <Version>1.0.0</Version>
    <SupportedPlatforms>Linux, BSD, MacOSX, Solaris</SupportedPlatforms>
    <SoftwareType>Benchmark</SoftwareType>
    <TestType>System</TestType>
    <License>Free</License>
    <Status>Verified</Status>
    <EnvironmentSize>1</EnvironmentSize>
    <ProjectURL>https://developer.gnome.org/rsvg/</ProjectURL>
    <Maintainer>Michael Larabel</Maintainer>
    <SystemDependencies>rsvg-convert</SystemDependencies>
  </TestProfile>
  <TestSettings>
    <Option>
      <DisplayName>Operation</DisplayName>
      <Identifier>op</Identifier>
      <Menu>
        <Entry>
          <Name>SVG Files To PNG</Name>
        </Entry>
      </Menu>
    </Option>
  </TestSettings>
</PhoronixTestSuite>
