<?xml version="1.0"?>
<!--Phoronix Test Suite v7.0.0m1-->
<PhoronixTestSuite>
  <TestInformation>
    <Title>GnuPG</Title>
    <Description>This test times how long it takes to encrypt a file using GnuPG.</Description>
    <ResultScale>Seconds</ResultScale>
    <Proportion>LIB</Proportion>
    <SubTitle>Linux 4.3 Package File Encryption</SubTitle>
    <TimesToRun>3</TimesToRun>
  </TestInformation>
  <TestProfile>
    <Version>1.0.1</Version>
    <SupportedPlatforms>Linux, Solaris, BSD</SupportedPlatforms>
    <SoftwareType>Utility</SoftwareType>
    <TestType>Processor</TestType>
    <License>Free</License>
    <Status>Verified</Status>
    <ExternalDependencies>build-utilities</ExternalDependencies>
    <EnvironmentSize>1024</EnvironmentSize>
    <ProjectURL>http://www.gnupg.org/</ProjectURL>
    <Maintainer>Michael Larabel</Maintainer>
    <SystemDependencies>gpg</SystemDependencies>
  </TestProfile>
</PhoronixTestSuite>
