<?xml version="1.0"?>
<!--Phoronix Test Suite v9.8.0m2-->
<PhoronixTestSuite>
  <TestInformation>
    <Title>Hugin</Title>
    <Description>Hugin is an open-source, cross-platform panorama photo stitcher software package. This test profile times how long it takes to run the assistant and panorama photo stitching on a set of images.</Description>
    <ResultScale>Seconds</ResultScale>
    <Proportion>LIB</Proportion>
    <SubTitle>Panorama Photo Assistant + Stitching Time</SubTitle>
    <TimesToRun>3</TimesToRun>
  </TestInformation>
  <TestProfile>
    <Version>1.0.0</Version>
    <SupportedPlatforms>Linux, BSD</SupportedPlatforms>
    <SoftwareType>Benchmark</SoftwareType>
    <TestType>System</TestType>
    <License>Free</License>
    <Status>Verified</Status>
    <EnvironmentSize>172</EnvironmentSize>
    <ProjectURL>http://hugin.sourceforge.net/</ProjectURL>
    <Maintainer>Michael Larabel</Maintainer>
    <SystemDependencies>hugin</SystemDependencies>
  </TestProfile>
</PhoronixTestSuite>
