<?xml version="1.0"?>
<!--Phoronix Test Suite v9.4.0m1-->
<PhoronixTestSuite>
  <TestInformation>
    <Title>RawTherapee</Title>
    <Description>RawTherapee is a cross-platform, open-source multi-threaded RAW image processing program.</Description>
    <ResultScale>Seconds</ResultScale>
    <Proportion>LIB</Proportion>
    <SubTitle>Total Benchmark Time</SubTitle>
    <TimesToRun>3</TimesToRun>
  </TestInformation>
  <TestProfile>
    <Version>1.0.0</Version>
    <SupportedPlatforms>Linux</SupportedPlatforms>
    <SoftwareType>Benchmark</SoftwareType>
    <TestType>System</TestType>
    <License>Free</License>
    <Status>Verified</Status>
    <EnvironmentSize>22</EnvironmentSize>
    <ProjectURL>https://rawtherapee.com/</ProjectURL>
    <Maintainer>Michael Larabel</Maintainer>
    <SystemDependencies>rawtherapee</SystemDependencies>
  </TestProfile>
</PhoronixTestSuite>
