<?xml version="1.0"?>
<!--Phoronix Test Suite v6.2.0m0-->
<PhoronixTestSuite>
  <TestInformation>
    <Title>LZMA Compression</Title>
  </TestInformation>
  <TestProfile>
    <Version>1.0.0</Version>
    <Extends>pts/compress-lzma</Extends>
    <RequiresCoreVersionMin>6100</RequiresCoreVersionMin>
    <Maintainer>Michael Larabel</Maintainer>
    <SystemDependencies>lzma</SystemDependencies>
  </TestProfile>
</PhoronixTestSuite>
