<?xml version="1.0"?>
<!--Phoronix Test Suite v6.2.0m0-->
<PhoronixTestSuite>
  <TestInformation>
    <Title>SQLite</Title>
    <Executable>sqlite-benchmark</Executable>
  </TestInformation>
  <TestProfile>
    <Version>1.0.0</Version>
    <Extends>pts/sqlite</Extends>
    <RequiresCoreVersionMin>6100</RequiresCoreVersionMin>
    <Maintainer>Michael Larabel</Maintainer>
    <SystemDependencies>pbzip2</SystemDependencies>
  </TestProfile>
</PhoronixTestSuite>
